<?xml version="1.0" encoding="UTF-8"?>
<!-- Generated by org.testng.reporters.JUnitXMLReporter -->
<testsuite ignored="0" hostname="Garimas-MacBook-Air-3.local" failures="0" tests="3" name="Test" time="106.121" errors="0" timestamp="2023-03-31T12:04:42 IST">
  <testcase classname="Tests.AddSingleItem" name="addItems" time="24.716"/>
  <testcase classname="Tests.AddTwoItems" name="addItems" time="27.377"/>
  <testcase classname="Tests.SearchItem" name="search" time="8.465"/>
</testsuite> <!-- Test -->
