<?xml version="1.0" encoding="UTF-8"?>
<!-- Generated by org.testng.reporters.JUnitXMLReporter -->
<testsuite ignored="0" hostname="Garimas-MacBook-Air-3.local" failures="0" tests="3" name="Test" time="114.287" errors="0" timestamp="2023-03-26T11:52:53 ICT">
  <testcase classname="Tests.AddSingleItem" name="addItems" time="25.003"/>
  <testcase classname="Tests.AddTwoItems" name="addItems" time="27.735"/>
  <testcase classname="Tests.SearchItem" name="search" time="8.46"/>
</testsuite> <!-- Test -->
