<?xml version="1.0" encoding="UTF-8"?>
<!-- Generated by org.testng.reporters.JUnitXMLReporter -->
<testsuite ignored="0" hostname="Garimas-MacBook-Air-3.local" failures="1" tests="1" name="Test(failed)" time="43.278" errors="0" timestamp="2023-03-31T12:23:50 IST">
  <testcase classname="Tests.SearchItem" name="search" time="8.36">
    <failure type="java.lang.AssertionError" message="Values should be different. Actual: false">
      <![CDATA[java.lang.AssertionError: Values should be different. Actual: false
at org.junit.Assert.fail(Assert.java:89)
at org.junit.Assert.failEquals(Assert.java:187)
at org.junit.Assert.assertNotEquals(Assert.java:163)
at org.junit.Assert.assertNotEquals(Assert.java:177)
at Tests.SearchItem.search(SearchItem.java:102)
at java.base/java.util.ArrayList.forEach(ArrayList.java:1511)
... Removed 27 stack frames]]>
    </failure>
  </testcase> <!-- search -->
</testsuite> <!-- Test(failed) -->
